<?xml version="1.0" encoding="UTF-8"?>
<robot generator="Robot 3.2.2 (Python 3.8.2 on linux)" generated="20200912 09:15:48.138" rpa="false">
<suite id="s1" name="Tests" source="/home/hungt/repos/robotframework/api-example/Tests">
<suite id="s1-s1" name="Contract Driven" source="/home/hungt/repos/robotframework/api-example/Tests/contract_driven.robot">
<test id="s1-s1-t1" name="Valid user">
<kw name="Get" library="REST">
<tags>
<tag>http</tag>
</tags>
<doc>*Sends a GET request to the endpoint.*</doc>
<arguments>
<arg>/users/1</arg>
</arguments>
<status status="PASS" starttime="20200912 09:15:48.335" endtime="20200912 09:15:48.544"></status>
</kw>
<status status="PASS" starttime="20200912 09:15:48.334" endtime="20200912 09:15:48.544" critical="yes"></status>
</test>
<test id="s1-s1-t2" name="New user">
<kw name="Post" library="REST">
<tags>
<tag>http</tag>
</tags>
<doc>*Sends a POST request to the endpoint.*</doc>
<arguments>
<arg>/users</arg>
<arg>${EXECDIR}/json_repository/user.json</arg>
</arguments>
<status status="PASS" starttime="20200912 09:15:48.544" endtime="20200912 09:15:49.172"></status>
</kw>
<status status="PASS" starttime="20200912 09:15:48.544" endtime="20200912 09:15:49.173" critical="yes"></status>
</test>
<test id="s1-s1-t3" name="Edit user">
<kw name="Put" library="REST">
<tags>
<tag>http</tag>
</tags>
<doc>*Sends a PUT request to the endpoint.*</doc>
<arguments>
<arg>/users/1</arg>
<arg>${EXECDIR}/json_repository/user.json</arg>
</arguments>
<status status="PASS" starttime="20200912 09:15:49.175" endtime="20200912 09:15:50.184"></status>
</kw>
<status status="PASS" starttime="20200912 09:15:49.174" endtime="20200912 09:15:50.184" critical="yes"></status>
</test>
<test id="s1-s1-t4" name="Edit email">
<kw name="Patch" library="REST">
<tags>
<tag>http</tag>
</tags>
<doc>*Sends a PATCH request to the endpoint.*</doc>
<arguments>
<arg>/users/2</arg>
<arg>{ "email": "ismo.aro@robotframework.dev" }</arg>
</arguments>
<status status="PASS" starttime="20200912 09:15:50.187" endtime="20200912 09:15:51.003"></status>
</kw>
<status status="PASS" starttime="20200912 09:15:50.185" endtime="20200912 09:15:51.003" critical="yes"></status>
</test>
<test id="s1-s1-t5" name="Delete">
<kw name="Delete" library="REST">
<tags>
<tag>http</tag>
</tags>
<doc>*Sends a DELETE request to the endpoint.*</doc>
<arguments>
<arg>/users/10</arg>
</arguments>
<status status="PASS" starttime="20200912 09:15:51.006" endtime="20200912 09:15:51.892"></status>
</kw>
<kw name="Output" library="REST">
<tags>
<tag>I/O</tag>
</tags>
<doc>*Outputs JSON to terminal or a file.*</doc>
<arguments>
<arg>$</arg>
</arguments>
<msg timestamp="20200912 09:15:51.893" level="INFO">
{}</msg>
<status status="PASS" starttime="20200912 09:15:51.892" endtime="20200912 09:15:51.909"></status>
</kw>
<status status="PASS" starttime="20200912 09:15:51.004" endtime="20200912 09:15:51.910" critical="yes"></status>
</test>
<test id="s1-s1-t6" name="Valid users">
<kw name="Get" library="REST">
<tags>
<tag>http</tag>
</tags>
<doc>*Sends a GET request to the endpoint.*</doc>
<arguments>
<arg>/users</arg>
</arguments>
<status status="PASS" starttime="20200912 09:15:51.912" endtime="20200912 09:15:52.132"></status>
</kw>
<status status="PASS" starttime="20200912 09:15:51.911" endtime="20200912 09:15:52.132" critical="yes"></status>
</test>
<status status="PASS" starttime="20200912 09:15:48.159" endtime="20200912 09:15:52.134"></status>
</suite>
<suite id="s1-s2" name="Model Based" source="/home/hungt/repos/robotframework/api-example/Tests/model_based.robot">
<kw name="Expect Response Body" library="REST" type="setup">
<tags>
<tag>expectations</tag>
</tags>
<doc>*Updates the schema to validate the response body properties.*</doc>
<arguments>
<arg>${EXECDIR}/json_repository/model.json</arg>
</arguments>
<status status="PASS" starttime="20200912 09:15:52.146" endtime="20200912 09:15:52.147"></status>
</kw>
<test id="s1-s2-t1" name="Valid user">
<kw name="Get" library="REST">
<tags>
<tag>http</tag>
</tags>
<doc>*Sends a GET request to the endpoint.*</doc>
<arguments>
<arg>/users/1</arg>
</arguments>
<status status="PASS" starttime="20200912 09:15:52.147" endtime="20200912 09:15:52.324"></status>
</kw>
<kw name="String" library="REST">
<tags>
<tag>assertions</tag>
</tags>
<doc>*Asserts the field as JSON string.*</doc>
<arguments>
<arg>$.email</arg>
<arg>format=email</arg>
</arguments>
<status status="PASS" starttime="20200912 09:15:52.325" endtime="20200912 09:15:52.380"></status>
</kw>
<status status="PASS" starttime="20200912 09:15:52.147" endtime="20200912 09:15:52.381" critical="yes"></status>
</test>
<test id="s1-s2-t2" name="New user">
<kw name="Post" library="REST">
<tags>
<tag>http</tag>
</tags>
<doc>*Sends a POST request to the endpoint.*</doc>
<arguments>
<arg>/users</arg>
<arg>${EXECDIR}/json_repository/user.json</arg>
</arguments>
<status status="PASS" starttime="20200912 09:15:52.381" endtime="20200912 09:15:53.015"></status>
</kw>
<status status="PASS" starttime="20200912 09:15:52.381" endtime="20200912 09:15:53.016" critical="yes"></status>
</test>
<test id="s1-s2-t3" name="Edit user">
<kw name="Put" library="REST">
<tags>
<tag>http</tag>
</tags>
<doc>*Sends a PUT request to the endpoint.*</doc>
<arguments>
<arg>/users/1</arg>
<arg>${EXECDIR}/json_repository/user.json</arg>
</arguments>
<status status="PASS" starttime="20200912 09:15:53.018" endtime="20200912 09:15:53.869"></status>
</kw>
<status status="PASS" starttime="20200912 09:15:53.017" endtime="20200912 09:15:53.869" critical="yes"></status>
</test>
<test id="s1-s2-t4" name="Edit email">
<kw name="Patch" library="REST">
<tags>
<tag>http</tag>
</tags>
<doc>*Sends a PATCH request to the endpoint.*</doc>
<arguments>
<arg>/users/2</arg>
<arg>{ "email": "ismo.aro@robotframework.dev" }</arg>
</arguments>
<status status="PASS" starttime="20200912 09:15:53.871" endtime="20200912 09:15:54.584"></status>
</kw>
<status status="PASS" starttime="20200912 09:15:53.870" endtime="20200912 09:15:54.585" critical="yes"></status>
</test>
<test id="s1-s2-t5" name="Delete">
<kw name="Expect Response Body" library="REST">
<tags>
<tag>expectations</tag>
</tags>
<doc>*Updates the schema to validate the response body properties.*</doc>
<arguments>
<arg>{ "required": [] }</arg>
</arguments>
<status status="PASS" starttime="20200912 09:15:54.587" endtime="20200912 09:15:54.588"></status>
</kw>
<kw name="Delete" library="REST">
<tags>
<tag>http</tag>
</tags>
<doc>*Sends a DELETE request to the endpoint.*</doc>
<arguments>
<arg>/users/10</arg>
</arguments>
<status status="PASS" starttime="20200912 09:15:54.588" endtime="20200912 09:15:55.300"></status>
</kw>
<status status="PASS" starttime="20200912 09:15:54.586" endtime="20200912 09:15:55.300" critical="yes"></status>
</test>
<test id="s1-s2-t6" name="Valid users">
<kw name="Clear Expectations" library="REST">
<tags>
<tag>expectations</tag>
</tags>
<doc>*Resets the expectations for both request and response.*</doc>
<status status="PASS" starttime="20200912 09:15:55.302" endtime="20200912 09:15:55.303"></status>
</kw>
<kw name="Get" library="REST">
<tags>
<tag>http</tag>
</tags>
<doc>*Sends a GET request to the endpoint.*</doc>
<arguments>
<arg>/users</arg>
</arguments>
<status status="PASS" starttime="20200912 09:15:55.303" endtime="20200912 09:15:56.005"></status>
</kw>
<kw name="Array" library="REST">
<tags>
<tag>assertions</tag>
</tags>
<doc>*Asserts the field as JSON array.*</doc>
<arguments>
<arg>$</arg>
<arg>minItems=1</arg>
<arg>maxItems=10</arg>
</arguments>
<status status="PASS" starttime="20200912 09:15:56.005" endtime="20200912 09:15:56.013"></status>
</kw>
<kw name="Integer" library="REST">
<tags>
<tag>assertions</tag>
</tags>
<doc>*Asserts the field as JSON integer.*</doc>
<arguments>
<arg>$[*].id</arg>
<arg>maximum=10</arg>
</arguments>
<status status="PASS" starttime="20200912 09:15:56.013" endtime="20200912 09:15:56.049"></status>
</kw>
<status status="PASS" starttime="20200912 09:15:55.301" endtime="20200912 09:15:56.049" critical="yes"></status>
</test>
<status status="PASS" starttime="20200912 09:15:52.137" endtime="20200912 09:15:56.050"></status>
</suite>
<suite id="s1-s3" name="Requests Lib" source="/home/hungt/repos/robotframework/api-example/Tests/requests_lib.robot">
<kw name="Create Session" library="req" type="setup">
<doc>Create Session: create a HTTP session to a server</doc>
<arguments>
<arg>typicode</arg>
<arg>https://jsonplaceholder.typicode.com</arg>
</arguments>
<msg timestamp="20200912 09:15:56.067" level="INFO">Creating Session using : alias=typicode, url=https://jsonplaceholder.typicode.com, headers={},                     cookies={}, auth=None, timeout=None, proxies=None, verify=False,                     debug=0 </msg>
<status status="PASS" starttime="20200912 09:15:56.067" endtime="20200912 09:15:56.067"></status>
</kw>
<test id="s1-s3-t1" name="requests: Should have a name and belong to a company with a slogan">
<kw name="Get Request" library="req">
<doc>Send a GET request on the session object found using the
given `alias`</doc>
<arguments>
<arg>typicode</arg>
<arg>/users/1</arg>
</arguments>
<assign>
<var>${resp}</var>
</assign>
<msg timestamp="20200912 09:15:56.227" level="INFO">GET Request : url=https://jsonplaceholder.typicode.com/users/1 
 path_url=/users/1 
 headers={'User-Agent': 'python-requests/2.24.0', 'Accept-Encoding': 'gzip, deflate', 'Accept': '*/*', 'Connection': 'keep-alive'} 
 body=None 
 </msg>
<msg timestamp="20200912 09:15:56.229" level="INFO">GET Response : url=https://jsonplaceholder.typicode.com/users/1 
 status=200, reason=OK 
 body={
  "id": 1,
  "name": "Leanne Graham",
  "username": "Bret",
  "email": "Sincere@april.biz",
  "address": {
    "street": "Kulas Light",
    "suite": "Apt. 556",
    "city": "Gwenborough",
    "zipcode": "92998-3874",
    "geo": {
      "lat": "-37.3159",
      "lng": "81.1496"
    }
  },
  "phone": "1-770-736-8031 x56442",
  "website": "hildegard.org",
  "company": {
    "name": "Romaguera-Crona",
    "catchPhrase": "Multi-layered client-server neural-net",
    "bs": "harness real-time e-markets"
  }
} 
 </msg>
<msg timestamp="20200912 09:15:56.229" level="INFO">/home/hungt/repos/robotframework/api-example/venv/lib/python3.8/site-packages/urllib3/connectionpool.py:981: InsecureRequestWarning: Unverified HTTPS request is being made to host 'jsonplaceholder.typicode.com'. Adding certificate verification is strongly advised. See: https://urllib3.readthedocs.io/en/latest/advanced-usage.html#ssl-warnings
  warnings.warn(</msg>
<msg timestamp="20200912 09:15:56.230" level="INFO">${resp} = &lt;Response [200]&gt;</msg>
<status status="PASS" starttime="20200912 09:15:56.068" endtime="20200912 09:15:56.230"></status>
</kw>
<kw name="Reponse Status Code Should Be">
<arguments>
<arg>${resp}</arg>
<arg>200</arg>
</arguments>
<kw name="Should Be Equal As Integers" library="BuiltIn">
<doc>Fails if objects are unequal after converting them to integers.</doc>
<arguments>
<arg>${response.status_code}</arg>
<arg>${expected_code}</arg>
</arguments>
<msg timestamp="20200912 09:15:56.233" level="INFO">Argument types are:
&lt;class 'int'&gt;
&lt;type 'unicode'&gt;</msg>
<status status="PASS" starttime="20200912 09:15:56.232" endtime="20200912 09:15:56.233"></status>
</kw>
<status status="PASS" starttime="20200912 09:15:56.230" endtime="20200912 09:15:56.233"></status>
</kw>
<kw name="Reponse Json Field Value Should Be">
<arguments>
<arg>${resp}</arg>
<arg>name</arg>
<arg>Leanne Graham</arg>
</arguments>
<kw name="Get From Dictionary" library="Collections">
<doc>Returns a value from the given ``dictionary`` based on the given ``key``.</doc>
<arguments>
<arg>${response.json()}</arg>
<arg>${json_field_name}</arg>
</arguments>
<assign>
<var>${extract_value}</var>
</assign>
<msg timestamp="20200912 09:15:56.236" level="INFO">${extract_value} = Leanne Graham</msg>
<status status="PASS" starttime="20200912 09:15:56.235" endtime="20200912 09:15:56.236"></status>
</kw>
<kw name="Should Be Equal As Strings" library="BuiltIn">
<doc>Fails if objects are unequal after converting them to strings.</doc>
<arguments>
<arg>${extract_value}</arg>
<arg>${expected_value}</arg>
</arguments>
<status status="PASS" starttime="20200912 09:15:56.237" endtime="20200912 09:15:56.238"></status>
</kw>
<status status="PASS" starttime="20200912 09:15:56.234" endtime="20200912 09:15:56.238"></status>
</kw>
<kw name="Reponse Json Object's Field Value Should Be">
<arguments>
<arg>${resp}</arg>
<arg>company</arg>
<arg>catchPhrase</arg>
<arg>Multi-layered client-server neural-net</arg>
</arguments>
<kw name="Get From Dictionary" library="Collections">
<doc>Returns a value from the given ``dictionary`` based on the given ``key``.</doc>
<arguments>
<arg>${response.json()}</arg>
<arg>${json_object_name}</arg>
</arguments>
<assign>
<var>${object_value}</var>
</assign>
<msg timestamp="20200912 09:15:56.241" level="INFO">${object_value} = {'name': 'Romaguera-Crona', 'catchPhrase': 'Multi-layered client-server neural-net', 'bs': 'harness real-time e-markets'}</msg>
<status status="PASS" starttime="20200912 09:15:56.240" endtime="20200912 09:15:56.241"></status>
</kw>
<kw name="Get From Dictionary" library="Collections">
<doc>Returns a value from the given ``dictionary`` based on the given ``key``.</doc>
<arguments>
<arg>${object_value}</arg>
<arg>${object_field_name}</arg>
</arguments>
<assign>
<var>${object_field_value}</var>
</assign>
<msg timestamp="20200912 09:15:56.243" level="INFO">${object_field_value} = Multi-layered client-server neural-net</msg>
<status status="PASS" starttime="20200912 09:15:56.242" endtime="20200912 09:15:56.243"></status>
</kw>
<kw name="Should Be Equal As Strings" library="BuiltIn">
<doc>Fails if objects are unequal after converting them to strings.</doc>
<arguments>
<arg>${object_field_value}</arg>
<arg>${expected_value}</arg>
</arguments>
<status status="PASS" starttime="20200912 09:15:56.243" endtime="20200912 09:15:56.244"></status>
</kw>
<status status="PASS" starttime="20200912 09:15:56.238" endtime="20200912 09:15:56.244"></status>
</kw>
<kw name="Dumps" library="json">
<doc>Serialize ``obj`` to a JSON formatted ``str``.</doc>
<arguments>
<arg>${resp.json()}</arg>
<arg>indent=${4}</arg>
</arguments>
<assign>
<var>${json}</var>
</assign>
<msg timestamp="20200912 09:15:56.246" level="INFO">${json} = {
    "id": 1,
    "name": "Leanne Graham",
    "username": "Bret",
    "email": "Sincere@april.biz",
    "address": {
        "street": "Kulas Light",
        "suite": "Apt. 556",
        "city": "Gw...</msg>
<status status="PASS" starttime="20200912 09:15:56.245" endtime="20200912 09:15:56.247"></status>
</kw>
<kw name="Log To Console" library="BuiltIn">
<doc>Logs the given message to the console.</doc>
<arguments>
<arg>${json}</arg>
</arguments>
<status status="PASS" starttime="20200912 09:15:56.247" endtime="20200912 09:15:56.248"></status>
</kw>
<status status="PASS" starttime="20200912 09:15:56.067" endtime="20200912 09:15:56.248" critical="yes"></status>
</test>
<kw name="Delete All Sessions" library="req" type="teardown">
<doc>Removes all the session objects</doc>
<msg timestamp="20200912 09:15:56.250" level="INFO">Delete All Sessions</msg>
<status status="PASS" starttime="20200912 09:15:56.250" endtime="20200912 09:15:56.251"></status>
</kw>
<status status="PASS" starttime="20200912 09:15:56.051" endtime="20200912 09:15:56.251"></status>
</suite>
<suite id="s1-s4" name="Rest Instance Lib" source="/home/hungt/repos/robotframework/api-example/Tests/rest_instance_lib.robot">
<test id="s1-s4-t1" name="RESTinstance: Should have a name and belong to a company with a slogan">
<kw name="Get" library="REST">
<tags>
<tag>http</tag>
</tags>
<doc>*Sends a GET request to the endpoint.*</doc>
<arguments>
<arg>/users/1</arg>
</arguments>
<status status="PASS" starttime="20200912 09:15:56.260" endtime="20200912 09:15:56.432"></status>
</kw>
<kw name="Reponse Status Code Should Be">
<arguments>
<arg>200</arg>
</arguments>
<kw name="Integer" library="REST">
<tags>
<tag>assertions</tag>
</tags>
<doc>*Asserts the field as JSON integer.*</doc>
<arguments>
<arg>response status</arg>
<arg>${expected_code}</arg>
</arguments>
<status status="PASS" starttime="20200912 09:15:56.434" endtime="20200912 09:15:56.435"></status>
</kw>
<status status="PASS" starttime="20200912 09:15:56.433" endtime="20200912 09:15:56.436"></status>
</kw>
<kw name="Reponse Field Value Should Be">
<arguments>
<arg>$.name</arg>
<arg>Leanne Graham</arg>
</arguments>
<kw name="String" library="REST">
<tags>
<tag>assertions</tag>
</tags>
<doc>*Asserts the field as JSON string.*</doc>
<arguments>
<arg>${json_path}</arg>
<arg>${expected_value}</arg>
</arguments>
<status status="PASS" starttime="20200912 09:15:56.437" endtime="20200912 09:15:56.473"></status>
</kw>
<status status="PASS" starttime="20200912 09:15:56.436" endtime="20200912 09:15:56.473"></status>
</kw>
<kw name="Reponse Field Value Should Be">
<arguments>
<arg>$..catchPhrase</arg>
<arg>Multi-layered client-server neural-net</arg>
</arguments>
<kw name="String" library="REST">
<tags>
<tag>assertions</tag>
</tags>
<doc>*Asserts the field as JSON string.*</doc>
<arguments>
<arg>${json_path}</arg>
<arg>${expected_value}</arg>
</arguments>
<status status="PASS" starttime="20200912 09:15:56.473" endtime="20200912 09:15:56.493"></status>
</kw>
<status status="PASS" starttime="20200912 09:15:56.473" endtime="20200912 09:15:56.493"></status>
</kw>
<kw name="Output" library="REST">
<tags>
<tag>I/O</tag>
</tags>
<doc>*Outputs JSON to terminal or a file.*</doc>
<arguments>
<arg>$</arg>
</arguments>
<msg timestamp="20200912 09:15:56.494" level="INFO">
{
    "id": 1,
    "name": "Leanne Graham",
    "username": "Bret",
    "email": "Sincere@april.biz",
    "address": {
        "street": "Kulas Light",
        "suite": "Apt. 556",
        "city": "Gwenborough",
        "zipcode": "92998-3874",
        "geo": {
            "lat": "-37.3159",
            "lng": "81.1496"
        }
    },
    "phone": "1-770-736-8031 x56442",
    "website": "hildegard.org",
    "company": {
        "name": "Romaguera-Crona",
        "catchPhrase": "Multi-layered client-server neural-net",
        "bs": "harness real-time e-markets"
    }
}</msg>
<status status="PASS" starttime="20200912 09:15:56.494" endtime="20200912 09:15:56.494"></status>
</kw>
<status status="PASS" starttime="20200912 09:15:56.259" endtime="20200912 09:15:56.495" critical="yes"></status>
</test>
<status status="PASS" starttime="20200912 09:15:56.253" endtime="20200912 09:15:56.495"></status>
</suite>
<status status="PASS" starttime="20200912 09:15:48.139" endtime="20200912 09:15:56.496"></status>
</suite>
<statistics>
<total>
<stat pass="14" fail="0">Critical Tests</stat>
<stat pass="14" fail="0">All Tests</stat>
</total>
<tag>
</tag>
<suite>
<stat pass="14" fail="0" id="s1" name="Tests">Tests</stat>
<stat pass="6" fail="0" id="s1-s1" name="Contract Driven">Tests.Contract Driven</stat>
<stat pass="6" fail="0" id="s1-s2" name="Model Based">Tests.Model Based</stat>
<stat pass="1" fail="0" id="s1-s3" name="Requests Lib">Tests.Requests Lib</stat>
<stat pass="1" fail="0" id="s1-s4" name="Rest Instance Lib">Tests.Rest Instance Lib</stat>
</suite>
</statistics>
<errors>
</errors>
</robot>
